Performing C SOURCE FILE Test CMAKE_HAVE_LIBC_PTHREAD failed with the following output:
Change Dir: /home/kirill/nir/geant4/sem2/build/CMakeFiles/CMakeTmp

Run Build Command(s):/usr/bin/make cmTC_d465d/fast && /usr/bin/make -f CMakeFiles/cmTC_d465d.dir/build.make CMakeFiles/cmTC_d465d.dir/build
make[1]: Entering directory '/home/kirill/nir/geant4/sem2/build/CMakeFiles/CMakeTmp'
Building C object CMakeFiles/cmTC_d465d.dir/src.c.o
/usr/bin/cc   -DCMAKE_HAVE_LIBC_PTHREAD   -o CMakeFiles/cmTC_d465d.dir/src.c.o   -c /home/kirill/nir/geant4/sem2/build/CMakeFiles/CMakeTmp/src.c
Linking C executable cmTC_d465d
/usr/bin/cmake -E cmake_link_script CMakeFiles/cmTC_d465d.dir/link.txt --verbose=1
/usr/bin/cc  -DCMAKE_HAVE_LIBC_PTHREAD    CMakeFiles/cmTC_d465d.dir/src.c.o  -o cmTC_d465d 
/usr/bin/ld: CMakeFiles/cmTC_d465d.dir/src.c.o: in function `main':
src.c:(.text+0x46): undefined reference to `pthread_create'
/usr/bin/ld: src.c:(.text+0x52): undefined reference to `pthread_detach'
/usr/bin/ld: src.c:(.text+0x63): undefined reference to `pthread_join'
collect2: error: ld returned 1 exit status
make[1]: *** [CMakeFiles/cmTC_d465d.dir/build.make:87: cmTC_d465d] Error 1
make[1]: Leaving directory '/home/kirill/nir/geant4/sem2/build/CMakeFiles/CMakeTmp'
make: *** [Makefile:121: cmTC_d465d/fast] Error 2


Source file was:
#include <pthread.h>

void* test_func(void* data)
{
  return data;
}

int main(void)
{
  pthread_t thread;
  pthread_create(&thread, NULL, test_func, NULL);
  pthread_detach(thread);
  pthread_join(thread, NULL);
  pthread_atfork(NULL, NULL, NULL);
  pthread_exit(NULL);

  return 0;
}

Performing C SOURCE FILE Test CMAKE_HAVE_LIBC_PTHREAD failed with the following output:
Change Dir: /home/tyutrin/nir/sem2/build/CMakeFiles/CMakeTmp

Run Build Command(s):/usr/bin/make cmTC_3299c/fast && /usr/bin/make -f CMakeFiles/cmTC_3299c.dir/build.make CMakeFiles/cmTC_3299c.dir/build
make[1]: вход в каталог «/home/tyutrin/nir/sem2/build/CMakeFiles/CMakeTmp»
Building C object CMakeFiles/cmTC_3299c.dir/src.c.o
/usr/bin/cc   -DCMAKE_HAVE_LIBC_PTHREAD   -o CMakeFiles/cmTC_3299c.dir/src.c.o   -c /home/tyutrin/nir/sem2/build/CMakeFiles/CMakeTmp/src.c
Linking C executable cmTC_3299c
/usr/bin/cmake -E cmake_link_script CMakeFiles/cmTC_3299c.dir/link.txt --verbose=1
/usr/bin/cc  -DCMAKE_HAVE_LIBC_PTHREAD    CMakeFiles/cmTC_3299c.dir/src.c.o  -o cmTC_3299c 
/usr/bin/ld: CMakeFiles/cmTC_3299c.dir/src.c.o: в функции «main»:
src.c:(.text+0x46): неопределённая ссылка на «pthread_create»
/usr/bin/ld: src.c:(.text+0x52): неопределённая ссылка на «pthread_detach»
/usr/bin/ld: src.c:(.text+0x63): неопределённая ссылка на «pthread_join»
collect2: error: ld returned 1 exit status
make[1]: *** [CMakeFiles/cmTC_3299c.dir/build.make:87: cmTC_3299c] Ошибка 1
make[1]: выход из каталога «/home/tyutrin/nir/sem2/build/CMakeFiles/CMakeTmp»
make: *** [Makefile:121: cmTC_3299c/fast] Ошибка 2


Source file was:
#include <pthread.h>

void* test_func(void* data)
{
  return data;
}

int main(void)
{
  pthread_t thread;
  pthread_create(&thread, NULL, test_func, NULL);
  pthread_detach(thread);
  pthread_join(thread, NULL);
  pthread_atfork(NULL, NULL, NULL);
  pthread_exit(NULL);

  return 0;
}

